<?xml version="1.0" encoding="UTF-8"?>
<!-- Generated by org.testng.reporters.JUnitReportReporter -->
<testsuite hostname="shravan-PC" name="com.crm.qa.testcases.LoginPageTest" tests="3" failures="0" timestamp="30 Jul 2019 14:46:12 GMT" time="118.379" errors="0">
  <testcase name="crmLogoImageTest" time="38.986" classname="com.crm.qa.testcases.LoginPageTest"/>
  <testcase name="loginPageTitleTest" time="48.741" classname="com.crm.qa.testcases.LoginPageTest"/>
  <testcase name="loginTest" time="30.652" classname="com.crm.qa.testcases.LoginPageTest"/>
</testsuite> <!-- com.crm.qa.testcases.LoginPageTest -->
