<?xml version="1.0" encoding="UTF-8"?>
<!-- Generated by org.testng.reporters.JUnitReportReporter -->
<testsuite hostname="shravan-PC" name="com.crm.qa.testcases.LoginPageTest" tests="3" failures="0" timestamp="1 Aug 2019 15:12:34 GMT" time="68.147" errors="0">
  <testcase name="crmLogoImageTest" time="22.350" classname="com.crm.qa.testcases.LoginPageTest"/>
  <testcase name="loginPageTitleTest" time="18.803" classname="com.crm.qa.testcases.LoginPageTest"/>
  <testcase name="loginTest" time="26.994" classname="com.crm.qa.testcases.LoginPageTest"/>
</testsuite> <!-- com.crm.qa.testcases.LoginPageTest -->
