<?xml version="1.0" encoding="UTF-8"?>
<!-- Generated by org.testng.reporters.JUnitReportReporter -->
<testsuite hostname="shravan-PC" name="com.crm.qa.testcases.HomePageTest" tests="3" failures="0" timestamp="1 Aug 2019 15:12:34 GMT" time="88.094" errors="0">
  <testcase name="verifyUserNameTest" time="24.450" classname="com.crm.qa.testcases.HomePageTest"/>
  <testcase name="verifyHomePageTitleTest" time="29.248" classname="com.crm.qa.testcases.HomePageTest"/>
  <testcase name="verifyContactsLinkTest" time="34.396" classname="com.crm.qa.testcases.HomePageTest"/>
</testsuite> <!-- com.crm.qa.testcases.HomePageTest -->
